INFO [2024-04-17 22:46:52] $x
INFO [2024-04-17 22:46:52] topgenes_list[c(8, 9, 10)]
INFO [2024-04-17 22:46:52] 
INFO [2024-04-17 22:46:52] $category.names
INFO [2024-04-17 22:46:52] paste(names(topgenes_list[c(8, 9, 10)]), "\n(", topgenes_list %>% 
INFO [2024-04-17 22:46:52]     summary() %>% .[c(8, 9, 10)], ")", sep = "")
INFO [2024-04-17 22:46:52] 
INFO [2024-04-17 22:46:52] $force.unique
INFO [2024-04-17 22:46:52] [1] TRUE
INFO [2024-04-17 22:46:52] 
INFO [2024-04-17 22:46:52] $na
INFO [2024-04-17 22:46:52] [1] "remove"
INFO [2024-04-17 22:46:52] 
INFO [2024-04-17 22:46:52] $filename
INFO [2024-04-17 22:46:52] NULL
INFO [2024-04-17 22:46:52] 
INFO [2024-04-17 22:46:52] $main
INFO [2024-04-17 22:46:52] [1] "Hx vs. Hx"
INFO [2024-04-17 22:46:52] 
INFO [2024-04-17 22:46:52] $main.fontface
INFO [2024-04-17 22:46:52] [1] "bold"
INFO [2024-04-17 22:46:52] 
INFO [2024-04-17 22:46:52] $lwd
INFO [2024-04-17 22:46:52] [1] 2
INFO [2024-04-17 22:46:52] 
INFO [2024-04-17 22:46:52] $lty
INFO [2024-04-17 22:46:52] [1] "blank"
INFO [2024-04-17 22:46:52] 
INFO [2024-04-17 22:46:52] $fill
INFO [2024-04-17 22:46:52] colors4[c(2, 3, 4)]
INFO [2024-04-17 22:46:52] 
