INFO [2024-04-17 22:46:53] $x
INFO [2024-04-17 22:46:53] topgenes_list[c(4, 3, 7, 10)]
INFO [2024-04-17 22:46:53] 
INFO [2024-04-17 22:46:53] $category.names
INFO [2024-04-17 22:46:53] paste(names(topgenes_list[c(4, 3, 7, 10)]), "\n(", topgenes_list %>% 
INFO [2024-04-17 22:46:53]     summary() %>% .[c(4, 3, 7, 10)], ")", sep = "")
INFO [2024-04-17 22:46:53] 
INFO [2024-04-17 22:46:53] $force.unique
INFO [2024-04-17 22:46:53] [1] TRUE
INFO [2024-04-17 22:46:53] 
INFO [2024-04-17 22:46:53] $na
INFO [2024-04-17 22:46:53] [1] "remove"
INFO [2024-04-17 22:46:53] 
INFO [2024-04-17 22:46:53] $filename
INFO [2024-04-17 22:46:53] NULL
INFO [2024-04-17 22:46:53] 
INFO [2024-04-17 22:46:53] $main
INFO [2024-04-17 22:46:53] [1] "Hif2a"
INFO [2024-04-17 22:46:53] 
INFO [2024-04-17 22:46:53] $main.fontface
INFO [2024-04-17 22:46:53] [1] "bold"
INFO [2024-04-17 22:46:53] 
INFO [2024-04-17 22:46:53] $lwd
INFO [2024-04-17 22:46:53] [1] 2
INFO [2024-04-17 22:46:53] 
INFO [2024-04-17 22:46:53] $lty
INFO [2024-04-17 22:46:53] [1] "blank"
INFO [2024-04-17 22:46:53] 
INFO [2024-04-17 22:46:53] $fill
INFO [2024-04-17 22:46:53] colors[c(2, 8, 1, 7)]
INFO [2024-04-17 22:46:53] 
