INFO [2024-04-17 22:30:14] $x
INFO [2024-04-17 22:30:14] topgenes_list[c(4, 2, 6, 9)]
INFO [2024-04-17 22:30:14] 
INFO [2024-04-17 22:30:14] $category.names
INFO [2024-04-17 22:30:14] paste(names(topgenes_list[c(4, 2, 6, 9)]), "\n(", topgenes_list %>% 
INFO [2024-04-17 22:30:14]     summary() %>% .[c(4, 2, 6, 9)], ")", sep = "")
INFO [2024-04-17 22:30:14] 
INFO [2024-04-17 22:30:14] $force.unique
INFO [2024-04-17 22:30:14] [1] TRUE
INFO [2024-04-17 22:30:14] 
INFO [2024-04-17 22:30:14] $na
INFO [2024-04-17 22:30:14] [1] "remove"
INFO [2024-04-17 22:30:14] 
INFO [2024-04-17 22:30:14] $filename
INFO [2024-04-17 22:30:14] NULL
INFO [2024-04-17 22:30:14] 
INFO [2024-04-17 22:30:14] $main
INFO [2024-04-17 22:30:14] [1] "Hif2a"
INFO [2024-04-17 22:30:14] 
INFO [2024-04-17 22:30:14] $main.fontface
INFO [2024-04-17 22:30:14] [1] "bold"
INFO [2024-04-17 22:30:14] 
INFO [2024-04-17 22:30:14] $lwd
INFO [2024-04-17 22:30:14] [1] 2
INFO [2024-04-17 22:30:14] 
INFO [2024-04-17 22:30:14] $lty
INFO [2024-04-17 22:30:14] [1] "blank"
INFO [2024-04-17 22:30:14] 
INFO [2024-04-17 22:30:14] $fill
INFO [2024-04-17 22:30:14] colors[c(2, 6, 1, 5)]
INFO [2024-04-17 22:30:14] 
