INFO [2024-04-17 22:37:05] $x
INFO [2024-04-17 22:37:05] topgenes_list[c(4, 1, 5, 8)]
INFO [2024-04-17 22:37:05] 
INFO [2024-04-17 22:37:05] $category.names
INFO [2024-04-17 22:37:05] paste(names(topgenes_list[c(4, 1, 5, 8)]), "\n(", topgenes_list %>% 
INFO [2024-04-17 22:37:05]     summary() %>% .[c(4, 1, 5, 8)], ")", sep = "")
INFO [2024-04-17 22:37:05] 
INFO [2024-04-17 22:37:05] $force.unique
INFO [2024-04-17 22:37:05] [1] TRUE
INFO [2024-04-17 22:37:05] 
INFO [2024-04-17 22:37:05] $na
INFO [2024-04-17 22:37:05] [1] "remove"
INFO [2024-04-17 22:37:05] 
INFO [2024-04-17 22:37:05] $filename
INFO [2024-04-17 22:37:05] NULL
INFO [2024-04-17 22:37:05] 
INFO [2024-04-17 22:37:05] $main
INFO [2024-04-17 22:37:05] [1] "Hif1a"
INFO [2024-04-17 22:37:05] 
INFO [2024-04-17 22:37:05] $main.fontface
INFO [2024-04-17 22:37:05] [1] "bold"
INFO [2024-04-17 22:37:05] 
INFO [2024-04-17 22:37:05] $lwd
INFO [2024-04-17 22:37:05] [1] 2
INFO [2024-04-17 22:37:05] 
INFO [2024-04-17 22:37:05] $lty
INFO [2024-04-17 22:37:05] [1] "blank"
INFO [2024-04-17 22:37:05] 
INFO [2024-04-17 22:37:05] $fill
INFO [2024-04-17 22:37:05] colors[c(2, 4, 1, 3)]
INFO [2024-04-17 22:37:05] 
