INFO [2024-04-23 10:35:35] $x
INFO [2024-04-23 10:35:35] topgenes_list[c(4, 3, 7, 10)]
INFO [2024-04-23 10:35:35] 
INFO [2024-04-23 10:35:35] $category.names
INFO [2024-04-23 10:35:35] paste(names(topgenes_list[c(4, 3, 7, 10)]), "\n(", topgenes_list %>% 
INFO [2024-04-23 10:35:35]     summary() %>% .[c(4, 3, 7, 10)], ")", sep = "")
INFO [2024-04-23 10:35:35] 
INFO [2024-04-23 10:35:35] $force.unique
INFO [2024-04-23 10:35:35] [1] TRUE
INFO [2024-04-23 10:35:35] 
INFO [2024-04-23 10:35:35] $na
INFO [2024-04-23 10:35:35] [1] "remove"
INFO [2024-04-23 10:35:35] 
INFO [2024-04-23 10:35:35] $filename
INFO [2024-04-23 10:35:35] NULL
INFO [2024-04-23 10:35:35] 
INFO [2024-04-23 10:35:35] $main
INFO [2024-04-23 10:35:35] [1] "Hif2a"
INFO [2024-04-23 10:35:35] 
INFO [2024-04-23 10:35:35] $main.fontface
INFO [2024-04-23 10:35:35] [1] "bold"
INFO [2024-04-23 10:35:35] 
INFO [2024-04-23 10:35:35] $lwd
INFO [2024-04-23 10:35:35] [1] 2
INFO [2024-04-23 10:35:35] 
INFO [2024-04-23 10:35:35] $lty
INFO [2024-04-23 10:35:35] [1] "blank"
INFO [2024-04-23 10:35:35] 
INFO [2024-04-23 10:35:35] $fill
INFO [2024-04-23 10:35:35] colors[c(2, 8, 1, 7)]
INFO [2024-04-23 10:35:35] 
