INFO [2024-04-17 22:36:18] $x
INFO [2024-04-17 22:36:18] topgenes_list[c(4, 3, 1, 2)]
INFO [2024-04-17 22:36:18] 
INFO [2024-04-17 22:36:18] $category.names
INFO [2024-04-17 22:36:18] paste(names(topgenes_list[c(4, 3, 1, 2)]), "\n(", topgenes_list %>% 
INFO [2024-04-17 22:36:18]     summary() %>% .[c(4, 3, 1, 2)], ")", sep = "")
INFO [2024-04-17 22:36:18] 
INFO [2024-04-17 22:36:18] $force.unique
INFO [2024-04-17 22:36:18] [1] TRUE
INFO [2024-04-17 22:36:18] 
INFO [2024-04-17 22:36:18] $na
INFO [2024-04-17 22:36:18] [1] "remove"
INFO [2024-04-17 22:36:18] 
INFO [2024-04-17 22:36:18] $filename
INFO [2024-04-17 22:36:18] NULL
INFO [2024-04-17 22:36:18] 
INFO [2024-04-17 22:36:18] $main
INFO [2024-04-17 22:36:18] [1] "Hx vs. Nx"
INFO [2024-04-17 22:36:18] 
INFO [2024-04-17 22:36:18] $main.fontface
INFO [2024-04-17 22:36:18] [1] "bold"
INFO [2024-04-17 22:36:18] 
INFO [2024-04-17 22:36:18] $lwd
INFO [2024-04-17 22:36:18] [1] 2
INFO [2024-04-17 22:36:18] 
INFO [2024-04-17 22:36:18] $lty
INFO [2024-04-17 22:36:18] [1] "blank"
INFO [2024-04-17 22:36:18] 
INFO [2024-04-17 22:36:18] $fill
INFO [2024-04-17 22:36:18] colors4[c(1, 4, 2, 3)]
INFO [2024-04-17 22:36:18] 
