INFO [2024-04-17 22:39:22] $x
INFO [2024-04-17 22:39:22] topgenes_list[c(4, 1, 5, 8)]
INFO [2024-04-17 22:39:22] 
INFO [2024-04-17 22:39:22] $category.names
INFO [2024-04-17 22:39:22] paste(names(topgenes_list[c(4, 1, 5, 8)]), "\n(", topgenes_list %>% 
INFO [2024-04-17 22:39:22]     summary() %>% .[c(4, 1, 5, 8)], ")", sep = "")
INFO [2024-04-17 22:39:22] 
INFO [2024-04-17 22:39:22] $force.unique
INFO [2024-04-17 22:39:22] [1] TRUE
INFO [2024-04-17 22:39:22] 
INFO [2024-04-17 22:39:22] $na
INFO [2024-04-17 22:39:22] [1] "remove"
INFO [2024-04-17 22:39:22] 
INFO [2024-04-17 22:39:22] $filename
INFO [2024-04-17 22:39:22] NULL
INFO [2024-04-17 22:39:22] 
INFO [2024-04-17 22:39:22] $main
INFO [2024-04-17 22:39:22] [1] "Hif1a"
INFO [2024-04-17 22:39:22] 
INFO [2024-04-17 22:39:22] $main.fontface
INFO [2024-04-17 22:39:22] [1] "bold"
INFO [2024-04-17 22:39:22] 
INFO [2024-04-17 22:39:22] $lwd
INFO [2024-04-17 22:39:22] [1] 2
INFO [2024-04-17 22:39:22] 
INFO [2024-04-17 22:39:22] $lty
INFO [2024-04-17 22:39:22] [1] "blank"
INFO [2024-04-17 22:39:22] 
INFO [2024-04-17 22:39:22] $fill
INFO [2024-04-17 22:39:22] colors[c(2, 4, 1, 3)]
INFO [2024-04-17 22:39:22] 
