INFO [2024-04-23 10:35:34] $x
INFO [2024-04-23 10:35:34] topgenes_list[choose_list]
INFO [2024-04-23 10:35:34] 
INFO [2024-04-23 10:35:34] $category.names
INFO [2024-04-23 10:35:34] paste(names(topgenes_list[choose_list]), "\n(", topgenes_list %>% 
INFO [2024-04-23 10:35:34]     summary() %>% .[choose_list], ")", sep = "")
INFO [2024-04-23 10:35:34] 
INFO [2024-04-23 10:35:34] $force.unique
INFO [2024-04-23 10:35:34] [1] TRUE
INFO [2024-04-23 10:35:34] 
INFO [2024-04-23 10:35:34] $na
INFO [2024-04-23 10:35:34] [1] "remove"
INFO [2024-04-23 10:35:34] 
INFO [2024-04-23 10:35:34] $filename
INFO [2024-04-23 10:35:34] NULL
INFO [2024-04-23 10:35:34] 
INFO [2024-04-23 10:35:34] $main
INFO [2024-04-23 10:35:34] [1] "Hif1a_all"
INFO [2024-04-23 10:35:34] 
INFO [2024-04-23 10:35:34] $main.fontface
INFO [2024-04-23 10:35:34] [1] "bold"
INFO [2024-04-23 10:35:34] 
INFO [2024-04-23 10:35:34] $lwd
INFO [2024-04-23 10:35:34] [1] 2
INFO [2024-04-23 10:35:34] 
INFO [2024-04-23 10:35:34] $lty
INFO [2024-04-23 10:35:34] [1] "blank"
INFO [2024-04-23 10:35:34] 
INFO [2024-04-23 10:35:34] $fill
INFO [2024-04-23 10:35:34] colors[c(2, 4, 1, 3)]
INFO [2024-04-23 10:35:34] 
