INFO [2024-04-17 22:39:31] $x
INFO [2024-04-17 22:39:31] topgenes_list[choose_list]
INFO [2024-04-17 22:39:31] 
INFO [2024-04-17 22:39:31] $category.names
INFO [2024-04-17 22:39:31] paste(names(topgenes_list[choose_list]), "\n(", topgenes_list %>% 
INFO [2024-04-17 22:39:31]     summary() %>% .[choose_list], ")", sep = "")
INFO [2024-04-17 22:39:31] 
INFO [2024-04-17 22:39:31] $force.unique
INFO [2024-04-17 22:39:31] [1] TRUE
INFO [2024-04-17 22:39:31] 
INFO [2024-04-17 22:39:31] $na
INFO [2024-04-17 22:39:31] [1] "remove"
INFO [2024-04-17 22:39:31] 
INFO [2024-04-17 22:39:31] $filename
INFO [2024-04-17 22:39:31] NULL
INFO [2024-04-17 22:39:31] 
INFO [2024-04-17 22:39:31] $main
INFO [2024-04-17 22:39:31] [1] "Hif1a"
INFO [2024-04-17 22:39:31] 
INFO [2024-04-17 22:39:31] $main.fontface
INFO [2024-04-17 22:39:31] [1] "bold"
INFO [2024-04-17 22:39:31] 
INFO [2024-04-17 22:39:31] $lwd
INFO [2024-04-17 22:39:31] [1] 2
INFO [2024-04-17 22:39:31] 
INFO [2024-04-17 22:39:31] $lty
INFO [2024-04-17 22:39:31] [1] "blank"
INFO [2024-04-17 22:39:31] 
INFO [2024-04-17 22:39:31] $fill
INFO [2024-04-17 22:39:31] colors[c(1, 3, 4)]
INFO [2024-04-17 22:39:31] 
