INFO [2024-04-17 22:30:13] $x
INFO [2024-04-17 22:30:13] topgenes_list[choose_list]
INFO [2024-04-17 22:30:13] 
INFO [2024-04-17 22:30:13] $category.names
INFO [2024-04-17 22:30:13] paste(names(topgenes_list[choose_list]), "\n(", topgenes_list %>% 
INFO [2024-04-17 22:30:13]     summary() %>% .[choose_list], ")", sep = "")
INFO [2024-04-17 22:30:13] 
INFO [2024-04-17 22:30:13] $force.unique
INFO [2024-04-17 22:30:13] [1] TRUE
INFO [2024-04-17 22:30:13] 
INFO [2024-04-17 22:30:13] $na
INFO [2024-04-17 22:30:13] [1] "remove"
INFO [2024-04-17 22:30:13] 
INFO [2024-04-17 22:30:13] $filename
INFO [2024-04-17 22:30:13] NULL
INFO [2024-04-17 22:30:13] 
INFO [2024-04-17 22:30:13] $main
INFO [2024-04-17 22:30:13] [1] "Hif1a"
INFO [2024-04-17 22:30:13] 
INFO [2024-04-17 22:30:13] $main.fontface
INFO [2024-04-17 22:30:13] [1] "bold"
INFO [2024-04-17 22:30:13] 
INFO [2024-04-17 22:30:13] $lwd
INFO [2024-04-17 22:30:13] [1] 2
INFO [2024-04-17 22:30:13] 
INFO [2024-04-17 22:30:13] $lty
INFO [2024-04-17 22:30:13] [1] "blank"
INFO [2024-04-17 22:30:13] 
INFO [2024-04-17 22:30:13] $fill
INFO [2024-04-17 22:30:13] colors[c(1, 3, 4)]
INFO [2024-04-17 22:30:13] 
