INFO [2024-04-17 22:28:16] $x
INFO [2024-04-17 22:28:16] topgenes_list[c(4, 3, 1, 2)]
INFO [2024-04-17 22:28:16] 
INFO [2024-04-17 22:28:16] $category.names
INFO [2024-04-17 22:28:16] paste(names(topgenes_list[c(4, 3, 1, 2)]), "\n(", topgenes_list %>% 
INFO [2024-04-17 22:28:16]     summary() %>% .[c(4, 3, 1, 2)], ")", sep = "")
INFO [2024-04-17 22:28:16] 
INFO [2024-04-17 22:28:16] $force.unique
INFO [2024-04-17 22:28:16] [1] TRUE
INFO [2024-04-17 22:28:16] 
INFO [2024-04-17 22:28:16] $na
INFO [2024-04-17 22:28:16] [1] "remove"
INFO [2024-04-17 22:28:16] 
INFO [2024-04-17 22:28:16] $filename
INFO [2024-04-17 22:28:16] NULL
INFO [2024-04-17 22:28:16] 
INFO [2024-04-17 22:28:16] $main
INFO [2024-04-17 22:28:16] [1] "Hx vs. Nx"
INFO [2024-04-17 22:28:16] 
INFO [2024-04-17 22:28:16] $main.fontface
INFO [2024-04-17 22:28:16] [1] "bold"
INFO [2024-04-17 22:28:16] 
INFO [2024-04-17 22:28:16] $lwd
INFO [2024-04-17 22:28:16] [1] 2
INFO [2024-04-17 22:28:16] 
INFO [2024-04-17 22:28:16] $lty
INFO [2024-04-17 22:28:16] [1] "blank"
INFO [2024-04-17 22:28:16] 
INFO [2024-04-17 22:28:16] $fill
INFO [2024-04-17 22:28:16] colors4[c(1, 4, 2, 3)]
INFO [2024-04-17 22:28:16] 
