INFO [2024-04-23 11:17:25] $x
INFO [2024-04-23 11:17:25] input_list
INFO [2024-04-23 11:17:25] 
INFO [2024-04-23 11:17:25] $category.names
INFO [2024-04-23 11:17:25] paste(names(topgenes_list[c(4, 3, 1, 2)]), "\n(", topgenes_list %>% 
INFO [2024-04-23 11:17:25]     summary() %>% .[c(4, 3, 1, 2)], ")", sep = "")
INFO [2024-04-23 11:17:25] 
INFO [2024-04-23 11:17:25] $force.unique
INFO [2024-04-23 11:17:25] [1] TRUE
INFO [2024-04-23 11:17:25] 
INFO [2024-04-23 11:17:25] $na
INFO [2024-04-23 11:17:25] [1] "remove"
INFO [2024-04-23 11:17:25] 
INFO [2024-04-23 11:17:25] $filename
INFO [2024-04-23 11:17:25] NULL
INFO [2024-04-23 11:17:25] 
INFO [2024-04-23 11:17:25] $main
INFO [2024-04-23 11:17:25] [1] "Hx vs. Nx"
INFO [2024-04-23 11:17:25] 
INFO [2024-04-23 11:17:25] $main.fontface
INFO [2024-04-23 11:17:25] [1] "bold"
INFO [2024-04-23 11:17:25] 
INFO [2024-04-23 11:17:25] $lwd
INFO [2024-04-23 11:17:25] [1] 2
INFO [2024-04-23 11:17:25] 
INFO [2024-04-23 11:17:25] $lty
INFO [2024-04-23 11:17:25] [1] "blank"
INFO [2024-04-23 11:17:25] 
INFO [2024-04-23 11:17:25] $fill
INFO [2024-04-23 11:17:25] colors4[c(1, 4, 2, 3)]
INFO [2024-04-23 11:17:25] 
